[2026-06-27T22:03:26.959Z] [info] %cDownload the React DevTools for a better development experience: https://react.dev/link/react-devtools font-weight:bold
[2026-06-27T22:03:27.075Z] [log] [HMR] connected
[2026-06-27T22:03:28.184Z] [log] [Fast Refresh] rebuilding
[2026-06-27T22:03:29.884Z] [log] [Fast Refresh] done in 1788ms
[2026-06-27T22:03:30.031Z] [info] %cDownload the React DevTools for a better development experience: https://react.dev/link/react-devtools font-weight:bold
[2026-06-27T22:03:30.035Z] [log] [HMR] connected
[2026-06-27T22:03:31.289Z] [log] [Fast Refresh] rebuilding
[2026-06-27T22:03:31.504Z] [log] [Fast Refresh] done in 315ms
[2026-06-27T22:03:31.605Z] [info] %cDownload the React DevTools for a better development experience: https://react.dev/link/react-devtools font-weight:bold
[2026-06-27T22:03:31.629Z] [log] [HMR] connected
[2026-06-27T22:04:44.687Z] [error] WebSocket connection to 'ws://localhost:3000/_next/webpack-hmr?id=NpMHZ2A4L3uB6sKQYeFVh' failed: Error in connection establishment: net::ERR_CONNECTION_REFUSED
[2026-06-27T22:04:45.688Z] [error] WebSocket connection to 'ws://localhost:3000/_next/webpack-hmr?id=NpMHZ2A4L3uB6sKQYeFVh' failed: Error in connection establishment: net::ERR_CONNECTION_REFUSED
[2026-06-27T22:04:46.692Z] [error] WebSocket connection to 'ws://localhost:3000/_next/webpack-hmr?id=NpMHZ2A4L3uB6sKQYeFVh' failed: Error in connection establishment: net::ERR_CONNECTION_REFUSED
[2026-06-27T22:04:47.694Z] [error] WebSocket connection to 'ws://localhost:3000/_next/webpack-hmr?id=NpMHZ2A4L3uB6sKQYeFVh' failed: Error in connection establishment: net::ERR_CONNECTION_REFUSED
[2026-06-27T22:04:48.698Z] [error] WebSocket connection to 'ws://localhost:3000/_next/webpack-hmr?id=NpMHZ2A4L3uB6sKQYeFVh' failed: Error in connection establishment: net::ERR_CONNECTION_REFUSED
[2026-06-27T22:04:53.705Z] [error] WebSocket connection to 'ws://localhost:3000/_next/webpack-hmr?id=NpMHZ2A4L3uB6sKQYeFVh' failed: Error in connection establishment: net::ERR_CONNECTION_REFUSED
[2026-06-27T22:04:58.831Z] [error] WebSocket connection to 'ws://localhost:3000/_next/webpack-hmr?id=NpMHZ2A4L3uB6sKQYeFVh' failed: Error in connection establishment: net::ERR_CONNECTION_REFUSED
[2026-06-27T22:05:03.807Z] [error] WebSocket connection to 'ws://localhost:3000/_next/webpack-hmr?id=NpMHZ2A4L3uB6sKQYeFVh' failed: Error in connection establishment: net::ERR_CONNECTION_REFUSED
[2026-06-27T22:05:08.846Z] [error] WebSocket connection to 'ws://localhost:3000/_next/webpack-hmr?id=NpMHZ2A4L3uB6sKQYeFVh' failed: Error in connection establishment: net::ERR_CONNECTION_REFUSED
[2026-06-27T22:05:13.853Z] [error] WebSocket connection to 'ws://localhost:3000/_next/webpack-hmr?id=NpMHZ2A4L3uB6sKQYeFVh' failed: Error in connection establishment: net::ERR_CONNECTION_REFUSED
[2026-06-27T22:05:18.910Z] [log] [HMR] connected
[2026-06-27T22:05:19.316Z] [info] %cDownload the React DevTools for a better development experience: https://react.dev/link/react-devtools font-weight:bold
[2026-06-27T22:05:19.425Z] [log] [HMR] connected
[2026-06-27T22:05:30.808Z] [log] [Fast Refresh] rebuilding
[2026-06-27T22:05:32.425Z] [log] [Fast Refresh] done in 1840ms
[2026-06-27T22:06:04.475Z] [log] [Fast Refresh] rebuilding
[2026-06-27T22:06:04.478Z] [log] [Fast Refresh] done in 146ms
[2026-06-27T22:08:07.906Z] [error] WebSocket connection to 'ws://localhost:3000/_next/webpack-hmr?id=2Hd3F89eQmQvbL8CApn8G' failed: Error in connection establishment: net::ERR_CONNECTION_REFUSED
[2026-06-27T22:08:08.907Z] [error] WebSocket connection to 'ws://localhost:3000/_next/webpack-hmr?id=2Hd3F89eQmQvbL8CApn8G' failed: Error in connection establishment: net::ERR_CONNECTION_REFUSED
[2026-06-27T22:08:09.912Z] [error] WebSocket connection to 'ws://localhost:3000/_next/webpack-hmr?id=2Hd3F89eQmQvbL8CApn8G' failed: Error in connection establishment: net::ERR_CONNECTION_REFUSED
[2026-06-27T22:08:10.916Z] [error] WebSocket connection to 'ws://localhost:3000/_next/webpack-hmr?id=2Hd3F89eQmQvbL8CApn8G' failed: Error in connection establishment: net::ERR_CONNECTION_REFUSED
[2026-06-27T22:08:11.924Z] [error] WebSocket connection to 'ws://localhost:3000/_next/webpack-hmr?id=2Hd3F89eQmQvbL8CApn8G' failed: Error in connection establishment: net::ERR_CONNECTION_REFUSED
[2026-06-27T22:08:16.936Z] [error] WebSocket connection to 'ws://localhost:3000/_next/webpack-hmr?id=2Hd3F89eQmQvbL8CApn8G' failed: Error in connection establishment: net::ERR_CONNECTION_REFUSED
[2026-06-27T22:08:21.962Z] [error] WebSocket connection to 'ws://localhost:3000/_next/webpack-hmr?id=2Hd3F89eQmQvbL8CApn8G' failed: Error in connection establishment: net::ERR_CONNECTION_REFUSED
[2026-06-27T22:08:26.985Z] [error] WebSocket connection to 'ws://localhost:3000/_next/webpack-hmr?id=2Hd3F89eQmQvbL8CApn8G' failed: Error in connection establishment: net::ERR_CONNECTION_REFUSED
[2026-06-27T22:08:32.012Z] [error] WebSocket connection to 'ws://localhost:3000/_next/webpack-hmr?id=2Hd3F89eQmQvbL8CApn8G' failed: Error in connection establishment: net::ERR_CONNECTION_REFUSED
[2026-06-27T22:08:37.074Z] [error] WebSocket connection to 'ws://localhost:3000/_next/webpack-hmr?id=2Hd3F89eQmQvbL8CApn8G' failed: Error in connection establishment: net::ERR_CONNECTION_REFUSED
[2026-06-27T22:08:42.183Z] [error] WebSocket connection to 'ws://localhost:3000/_next/webpack-hmr?id=2Hd3F89eQmQvbL8CApn8G' failed: Error in connection establishment: net::ERR_CONNECTION_REFUSED
[2026-06-27T22:08:47.341Z] [error] WebSocket connection to 'ws://localhost:3000/_next/webpack-hmr?id=2Hd3F89eQmQvbL8CApn8G' failed: Error in connection establishment: net::ERR_CONNECTION_REFUSED
[2026-06-27T22:18:21.950Z] [info] %cDownload the React DevTools for a better development experience: https://react.dev/link/react-devtools font-weight:bold
[2026-06-27T22:18:22.029Z] [log] [HMR] connected
[2026-06-27T22:18:23.118Z] [info] %cDownload the React DevTools for a better development experience: https://react.dev/link/react-devtools font-weight:bold
[2026-06-27T22:18:23.132Z] [log] [HMR] connected
[2026-06-27T22:19:35.679Z] [error] WebSocket connection to 'ws://localhost:3000/_next/webpack-hmr?id=jloN6W270xpXonzurJ1aM' failed: Error in connection establishment: net::ERR_CONNECTION_REFUSED
[2026-06-27T22:19:36.681Z] [error] WebSocket connection to 'ws://localhost:3000/_next/webpack-hmr?id=jloN6W270xpXonzurJ1aM' failed: Error in connection establishment: net::ERR_CONNECTION_REFUSED
[2026-06-27T22:19:37.683Z] [error] WebSocket connection to 'ws://localhost:3000/_next/webpack-hmr?id=jloN6W270xpXonzurJ1aM' failed: Error in connection establishment: net::ERR_CONNECTION_REFUSED
[2026-06-27T22:19:38.685Z] [error] WebSocket connection to 'ws://localhost:3000/_next/webpack-hmr?id=jloN6W270xpXonzurJ1aM' failed: Error in connection establishment: net::ERR_CONNECTION_REFUSED
[2026-06-27T22:19:39.687Z] [error] WebSocket connection to 'ws://localhost:3000/_next/webpack-hmr?id=jloN6W270xpXonzurJ1aM' failed: Error in connection establishment: net::ERR_CONNECTION_REFUSED
[2026-06-27T22:19:44.692Z] [error] WebSocket connection to 'ws://localhost:3000/_next/webpack-hmr?id=jloN6W270xpXonzurJ1aM' failed: Error in connection establishment: net::ERR_CONNECTION_REFUSED
[2026-06-27T22:19:49.706Z] [error] WebSocket connection to 'ws://localhost:3000/_next/webpack-hmr?id=jloN6W270xpXonzurJ1aM' failed: Error in connection establishment: net::ERR_CONNECTION_REFUSED
[2026-06-27T22:19:54.854Z] [log] [HMR] connected
[2026-06-27T22:19:55.996Z] [info] %cDownload the React DevTools for a better development experience: https://react.dev/link/react-devtools font-weight:bold
[2026-06-27T22:19:56.121Z] [log] [HMR] connected
[2026-06-27T22:20:17.370Z] [log] [Fast Refresh] rebuilding
[2026-06-27T22:20:17.370Z] [log] [Fast Refresh] done in 105ms
